<?xml version="1.0" encoding="UTF-8"?>
<!-- Generated by org.testng.reporters.JUnitReportReporter -->
<testsuite hostname="Aayush" failures="0" tests="3" name="testRunner.TestRunner" time="0.299" errors="0" timestamp="2023-07-18T09:27:07 IST" skipped="0">
  <testcase classname="testRunner.TestRunner" name="runScenario" time="0.015"/>
  <testcase classname="testRunner.TestRunner" name="runScenario" time="0.024"/>
  <testcase classname="testRunner.TestRunner" name="runScenario" time="0.260"/>
</testsuite> <!-- testRunner.TestRunner -->
